Copyright 1986-2022 Xilinx, Inc. All Rights Reserved. Copyright 2022-2023 Advanced Micro Devices, Inc. All Rights Reserved.
---------------------------------------------------------------------------------------------------------------------------------------------
| Tool Version : Vivado v.2023.1 (win64) Build 3865809 Sun May  7 15:05:29 MDT 2023
| Date         : Tue Sep 12 12:46:04 2023
| Host         : Jackkahod running 64-bit major release  (build 9200)
| Command      : report_control_sets -verbose -file Final_control_sets_placed.rpt
| Design       : Final
| Device       : xc7a35t
---------------------------------------------------------------------------------------------------------------------------------------------

Control Set Information

Table of Contents
-----------------
1. Summary
2. Histogram
3. Flip-Flop Distribution
4. Detailed Control Set Information

1. Summary
----------

+----------------------------------------------------------+-------+
|                          Status                          | Count |
+----------------------------------------------------------+-------+
| Total control sets                                       |    36 |
|    Minimum number of control sets                        |    36 |
|    Addition due to synthesis replication                 |     0 |
|    Addition due to physical synthesis replication        |     0 |
| Unused register locations in slices containing registers |   181 |
+----------------------------------------------------------+-------+
* Control sets can be merged at opt_design using control_set_merge or merge_equivalent_drivers
** Run report_qor_suggestions for automated merging and remapping suggestions


2. Histogram
------------

+--------------------+-------+
|       Fanout       | Count |
+--------------------+-------+
| Total control sets |    36 |
| >= 0 to < 4        |    20 |
| >= 4 to < 6        |     5 |
| >= 6 to < 8        |     9 |
| >= 8 to < 10       |     1 |
| >= 10 to < 12      |     0 |
| >= 12 to < 14      |     0 |
| >= 14 to < 16      |     0 |
| >= 16              |     1 |
+--------------------+-------+
* Control sets can be remapped at either synth_design or opt_design


3. Flip-Flop Distribution
-------------------------

+--------------+-----------------------+------------------------+-----------------+--------------+
| Clock Enable | Synchronous Set/Reset | Asynchronous Set/Reset | Total Registers | Total Slices |
+--------------+-----------------------+------------------------+-----------------+--------------+
| No           | No                    | No                     |              71 |           38 |
| No           | No                    | Yes                    |               0 |            0 |
| No           | Yes                   | No                     |               9 |            6 |
| Yes          | No                    | No                     |              16 |            6 |
| Yes          | No                    | Yes                    |               0 |            0 |
| Yes          | Yes                   | No                     |              59 |           16 |
+--------------+-----------------------+------------------------+-----------------+--------------+


4. Detailed Control Set Information
-----------------------------------

+---------------------------------+-------------------------------------------+-------------------------------------------+------------------+----------------+--------------+
|           Clock Signal          |               Enable Signal               |              Set/Reset Signal             | Slice Load Count | Bel Load Count | Bels / Slice |
+---------------------------------+-------------------------------------------+-------------------------------------------+------------------+----------------+--------------+
|  genblk1[0].div1/clk_out_reg_0  |                                           |                                           |                1 |              1 |         1.00 |
|  genblk1[15].div1/clk_out_reg_0 |                                           |                                           |                1 |              1 |         1.00 |
|  genblk1[13].div1/clk_out_reg_0 |                                           |                                           |                1 |              1 |         1.00 |
|  genblk1[17].div1/clk_out_reg_0 |                                           |                                           |                1 |              1 |         1.00 |
|  genblk1[16].div1/clk_out_reg_0 |                                           |                                           |                1 |              1 |         1.00 |
|  genblk1[14].div1/clk_out_reg_0 |                                           |                                           |                1 |              1 |         1.00 |
|  genblk1[1].div1/clk_out_reg_0  |                                           |                                           |                1 |              1 |         1.00 |
|  genblk1[5].div1/clk_out_reg_0  |                                           |                                           |                1 |              1 |         1.00 |
|  genblk1[2].div1/clk_out_reg_0  |                                           |                                           |                1 |              1 |         1.00 |
|  genblk1[6].div1/clk_out_reg_0  |                                           |                                           |                1 |              1 |         1.00 |
|  genblk1[4].div1/clk_out_reg_0  |                                           |                                           |                1 |              1 |         1.00 |
|  genblk1[3].div1/clk_out_reg_0  |                                           |                                           |                1 |              1 |         1.00 |
|  genblk1[7].div1/clk_out_reg_0  |                                           |                                           |                1 |              1 |         1.00 |
|  genblk1[12].div1/clk_out_reg_0 |                                           |                                           |                1 |              1 |         1.00 |
|  genblk1[11].div1/clk_out_reg_0 |                                           |                                           |                1 |              1 |         1.00 |
|  genblk1[10].div1/clk_out_reg_0 |                                           |                                           |                1 |              1 |         1.00 |
|  genblk1[8].div1/clk_out_reg_0  |                                           |                                           |                1 |              1 |         1.00 |
|  genblk1[9].div1/clk_out_reg_0  |                                           |                                           |                1 |              1 |         1.00 |
|  clk_IBUF_BUFG                  |                                           |                                           |                1 |              1 |         1.00 |
|  q_reg_i_1_n_0                  |                                           | genblk2[0].db/clock_counter[4]_i_1_n_0    |                1 |              1 |         1.00 |
|  q_reg_i_1_n_0                  | bcd3/DCBA[3]_i_1_n_0                      |                                           |                2 |              4 |         2.00 |
|  q_reg_i_1_n_0                  | bcd3/bout_reg_0[0]                        |                                           |                1 |              4 |         4.00 |
|  q_reg_i_1_n_0                  | bcd3/E[0]                                 |                                           |                2 |              4 |         2.00 |
|  q_reg_i_1_n_0                  | bcd3/bout_reg_1[0]                        |                                           |                1 |              4 |         4.00 |
|  q_reg_i_1_n_0                  | genblk2[0].db/clock_counter[4]_i_2_n_0    | genblk2[0].db/clock_counter[4]_i_1_n_0    |                1 |              5 |         5.00 |
|  q_reg_i_1_n_0                  | db2/clock_counter[5]_i_2__7_n_0           | db2/clock_counter[5]_i_1__6_n_0           |                2 |              6 |         3.00 |
|  q_reg_i_1_n_0                  | genblk2[1].db/clock_counter[5]_i_2__0_n_0 | genblk2[1].db/clock_counter[5]_i_1_n_0    |                2 |              6 |         3.00 |
|  q_reg_i_1_n_0                  | genblk2[2].db/clock_counter[5]_i_2__1_n_0 | genblk2[2].db/clock_counter[5]_i_1__0_n_0 |                1 |              6 |         6.00 |
|  q_reg_i_1_n_0                  | db3/clock_counter[5]_i_2__8_n_0           | db3/clock_counter[5]_i_1__7_n_0           |                1 |              6 |         6.00 |
|  q_reg_i_1_n_0                  | genblk2[3].db/clock_counter[5]_i_2__2_n_0 | genblk2[3].db/clock_counter[5]_i_1__1_n_0 |                1 |              6 |         6.00 |
|  q_reg_i_1_n_0                  | genblk2[4].db/clock_counter[5]_i_2__3_n_0 | genblk2[4].db/clock_counter[5]_i_1__2_n_0 |                2 |              6 |         3.00 |
|  q_reg_i_1_n_0                  | genblk2[5].db/clock_counter[5]_i_2__4_n_0 | genblk2[5].db/clock_counter[5]_i_1__3_n_0 |                2 |              6 |         3.00 |
|  q_reg_i_1_n_0                  | genblk2[6].db/clock_counter[5]_i_2__5_n_0 | genblk2[6].db/clock_counter[5]_i_1__4_n_0 |                2 |              6 |         3.00 |
|  q_reg_i_1_n_0                  | genblk2[7].db/clock_counter[5]_i_2__6_n_0 | genblk2[7].db/clock_counter[5]_i_1__5_n_0 |                2 |              6 |         3.00 |
|  q_reg_i_1_n_0                  |                                           | bcd3/d_reg                                |                5 |              8 |         1.60 |
|  q_reg_i_1_n_0                  |                                           |                                           |               19 |             52 |         2.74 |
+---------------------------------+-------------------------------------------+-------------------------------------------+------------------+----------------+--------------+


