
*** Running vivado
    with args -log testerShiftAB.vds -m64 -product Vivado -mode batch -messageDb vivado.pb -notrace -source testerShiftAB.tcl


ECHO is off.
ECHO is off.

****** Vivado v2023.1 (64-bit)
  **** SW Build 3865809 on Sun May  7 15:05:29 MDT 2023
  **** IP Build 3864474 on Sun May  7 20:36:21 MDT 2023
  **** SharedData Build 3865790 on Sun May 07 13:33:03 MDT 2023
    ** Copyright 1986-2022 Xilinx, Inc. All Rights Reserved.
    ** Copyright 2022-2023 Advanced Micro Devices, Inc. All Rights Reserved.

source testerShiftAB.tcl -notrace
create_project: Time (s): cpu = 00:00:02 ; elapsed = 00:00:08 . Memory (MB): peak = 455.598 ; gain = 159.656
Command: read_checkpoint -auto_incremental -incremental C:/Users/Meep/Desktop/File/hw_syn_lab/lab1/lab1.srcs/utils_1/imports/synth_1/testerShiftAB.dcp
INFO: [Vivado 12-5825] Read reference checkpoint from C:/Users/Meep/Desktop/File/hw_syn_lab/lab1/lab1.srcs/utils_1/imports/synth_1/testerShiftAB.dcp for incremental synthesis
INFO: [Vivado 12-7989] Please ensure there are no constraint changes
Command: synth_design -top testerShiftAB -part xc7a200tfbg676-2
Starting synth_design
Attempting to get a license for feature 'Synthesis' and/or device 'xc7a200t'
INFO: [Common 17-349] Got license for feature 'Synthesis' and/or device 'xc7a200t'
INFO: [Designutils 20-5440] No compile time benefit to using incremental synthesis; A full resynthesis will be run
INFO: [Designutils 20-4379] Flow is switching to default flow due to incremental criteria not met. If you would like to alter this behaviour and have the flow terminate instead, please set the following parameter config_implementation {autoIncr.Synth.RejectBehavior Terminate}
INFO: [Synth 8-7079] Multithreading enabled for synth_design using a maximum of 2 processes.
INFO: [Synth 8-7078] Launching helper process for spawning children vivado processes
INFO: [Synth 8-7075] Helper process launched with PID 11168
---------------------------------------------------------------------------------
Starting Synthesize : Time (s): cpu = 00:00:05 ; elapsed = 00:00:06 . Memory (MB): peak = 897.859 ; gain = 409.406
---------------------------------------------------------------------------------
INFO: [Synth 8-6157] synthesizing module 'testerShiftAB' [C:/Users/Meep/Desktop/File/hw_syn_lab/lab1/lab1.srcs/sources_1/new/testerShiftAB.v:23]
INFO: [Synth 8-6157] synthesizing module 'shiftA' [C:/Users/Meep/Desktop/File/hw_syn_lab/lab1/lab1.srcs/sources_1/new/shiftA.v:23]
INFO: [Synth 8-6155] done synthesizing module 'shiftA' (0#1) [C:/Users/Meep/Desktop/File/hw_syn_lab/lab1/lab1.srcs/sources_1/new/shiftA.v:23]
INFO: [Synth 8-6157] synthesizing module 'shiftB' [C:/Users/Meep/Desktop/File/hw_syn_lab/lab1/lab1.srcs/sources_1/new/shiftB.v:23]
INFO: [Synth 8-6155] done synthesizing module 'shiftB' (0#1) [C:/Users/Meep/Desktop/File/hw_syn_lab/lab1/lab1.srcs/sources_1/new/shiftB.v:23]
INFO: [Synth 8-6157] synthesizing module 'nBitsShift' [C:/Users/Meep/Desktop/File/hw_syn_lab/lab1/lab1.srcs/sources_1/new/nBitShift.v:23]
INFO: [Synth 8-6155] done synthesizing module 'nBitsShift' (0#1) [C:/Users/Meep/Desktop/File/hw_syn_lab/lab1/lab1.srcs/sources_1/new/nBitShift.v:23]
WARNING: [Synth 8-85] always block has no event control specified [C:/Users/Meep/Desktop/File/hw_syn_lab/lab1/lab1.srcs/sources_1/new/testerShiftAB.v:32]
INFO: [Synth 8-6155] done synthesizing module 'testerShiftAB' (0#1) [C:/Users/Meep/Desktop/File/hw_syn_lab/lab1/lab1.srcs/sources_1/new/testerShiftAB.v:23]
---------------------------------------------------------------------------------
Finished Synthesize : Time (s): cpu = 00:00:06 ; elapsed = 00:00:08 . Memory (MB): peak = 988.160 ; gain = 499.707
---------------------------------------------------------------------------------
---------------------------------------------------------------------------------
Finished Constraint Validation : Time (s): cpu = 00:00:06 ; elapsed = 00:00:08 . Memory (MB): peak = 988.160 ; gain = 499.707
---------------------------------------------------------------------------------
---------------------------------------------------------------------------------
Start Loading Part and Timing Information
---------------------------------------------------------------------------------
Loading part: xc7a200tfbg676-2
---------------------------------------------------------------------------------
INFO: [Device 21-403] Loading part xc7a200tfbg676-2
Finished Loading Part and Timing Information : Time (s): cpu = 00:00:06 ; elapsed = 00:00:08 . Memory (MB): peak = 988.160 ; gain = 499.707
---------------------------------------------------------------------------------
---------------------------------------------------------------------------------
Finished RTL Optimization Phase 2 : Time (s): cpu = 00:00:06 ; elapsed = 00:00:08 . Memory (MB): peak = 988.160 ; gain = 499.707
---------------------------------------------------------------------------------
No constraint files found.
---------------------------------------------------------------------------------
Start RTL Component Statistics 
---------------------------------------------------------------------------------
Detailed RTL Component Info : 
+---Registers : 
	                8 Bit    Registers := 1     
	                2 Bit    Registers := 2     
---------------------------------------------------------------------------------
Finished RTL Component Statistics 
---------------------------------------------------------------------------------
---------------------------------------------------------------------------------
Start Part Resource Summary
---------------------------------------------------------------------------------
Part Resources:
DSPs: 740 (col length:100)
BRAMs: 730 (col length: RAMB18 100 RAMB36 50)
---------------------------------------------------------------------------------
Finished Part Resource Summary
---------------------------------------------------------------------------------
No constraint files found.
---------------------------------------------------------------------------------
Start Cross Boundary and Area Optimization
---------------------------------------------------------------------------------
WARNING: [Synth 8-7080] Parallel synthesis criteria is not met
WARNING: [Synth 8-3330] design testerShiftAB has an empty top module
---------------------------------------------------------------------------------
Finished Cross Boundary and Area Optimization : Time (s): cpu = 00:00:11 ; elapsed = 00:00:22 . Memory (MB): peak = 1214.836 ; gain = 726.383
---------------------------------------------------------------------------------
No constraint files found.
---------------------------------------------------------------------------------
Start Timing Optimization
---------------------------------------------------------------------------------
---------------------------------------------------------------------------------
Finished Timing Optimization : Time (s): cpu = 00:00:11 ; elapsed = 00:00:22 . Memory (MB): peak = 1214.836 ; gain = 726.383
---------------------------------------------------------------------------------
---------------------------------------------------------------------------------
Start Technology Mapping
---------------------------------------------------------------------------------
---------------------------------------------------------------------------------
Finished Technology Mapping : Time (s): cpu = 00:00:11 ; elapsed = 00:00:22 . Memory (MB): peak = 1214.836 ; gain = 726.383
---------------------------------------------------------------------------------
---------------------------------------------------------------------------------
Start IO Insertion
---------------------------------------------------------------------------------
---------------------------------------------------------------------------------
Start Flattening Before IO Insertion
---------------------------------------------------------------------------------
---------------------------------------------------------------------------------
Finished Flattening Before IO Insertion
---------------------------------------------------------------------------------
---------------------------------------------------------------------------------
Start Final Netlist Cleanup
---------------------------------------------------------------------------------
---------------------------------------------------------------------------------
Finished Final Netlist Cleanup
---------------------------------------------------------------------------------
---------------------------------------------------------------------------------
Finished IO Insertion : Time (s): cpu = 00:00:15 ; elapsed = 00:00:27 . Memory (MB): peak = 1214.836 ; gain = 726.383
---------------------------------------------------------------------------------
---------------------------------------------------------------------------------
Start Renaming Generated Instances
---------------------------------------------------------------------------------
---------------------------------------------------------------------------------
Finished Renaming Generated Instances : Time (s): cpu = 00:00:15 ; elapsed = 00:00:27 . Memory (MB): peak = 1214.836 ; gain = 726.383
---------------------------------------------------------------------------------
---------------------------------------------------------------------------------
Start Rebuilding User Hierarchy
---------------------------------------------------------------------------------
---------------------------------------------------------------------------------
Finished Rebuilding User Hierarchy : Time (s): cpu = 00:00:15 ; elapsed = 00:00:27 . Memory (MB): peak = 1214.836 ; gain = 726.383
---------------------------------------------------------------------------------
---------------------------------------------------------------------------------
Start Renaming Generated Ports
---------------------------------------------------------------------------------
---------------------------------------------------------------------------------
Finished Renaming Generated Ports : Time (s): cpu = 00:00:15 ; elapsed = 00:00:27 . Memory (MB): peak = 1214.836 ; gain = 726.383
---------------------------------------------------------------------------------
---------------------------------------------------------------------------------
Start Handling Custom Attributes
---------------------------------------------------------------------------------
---------------------------------------------------------------------------------
Finished Handling Custom Attributes : Time (s): cpu = 00:00:15 ; elapsed = 00:00:27 . Memory (MB): peak = 1214.836 ; gain = 726.383
---------------------------------------------------------------------------------
---------------------------------------------------------------------------------
Start Renaming Generated Nets
---------------------------------------------------------------------------------
---------------------------------------------------------------------------------
Finished Renaming Generated Nets : Time (s): cpu = 00:00:15 ; elapsed = 00:00:27 . Memory (MB): peak = 1214.836 ; gain = 726.383
---------------------------------------------------------------------------------
---------------------------------------------------------------------------------
Start Writing Synthesis Report
---------------------------------------------------------------------------------

Report BlackBoxes: 
+-+--------------+----------+
| |BlackBox name |Instances |
+-+--------------+----------+
+-+--------------+----------+

Report Cell Usage: 
+-+-----+------+
| |Cell |Count |
+-+-----+------+
+-+-----+------+

Report Instance Areas: 
+------+---------+-------+------+
|      |Instance |Module |Cells |
+------+---------+-------+------+
|1     |top      |       |     0|
+------+---------+-------+------+
---------------------------------------------------------------------------------
Finished Writing Synthesis Report : Time (s): cpu = 00:00:15 ; elapsed = 00:00:27 . Memory (MB): peak = 1214.836 ; gain = 726.383
---------------------------------------------------------------------------------
Synthesis finished with 0 errors, 0 critical warnings and 3 warnings.
Synthesis Optimization Runtime : Time (s): cpu = 00:00:16 ; elapsed = 00:00:27 . Memory (MB): peak = 1214.836 ; gain = 726.383
Synthesis Optimization Complete : Time (s): cpu = 00:00:16 ; elapsed = 00:00:27 . Memory (MB): peak = 1214.836 ; gain = 726.383
INFO: [Project 1-571] Translating synthesized netlist
Netlist sorting complete. Time (s): cpu = 00:00:00 ; elapsed = 00:00:00 . Memory (MB): peak = 1214.836 ; gain = 0.000
INFO: [Project 1-570] Preparing netlist for logic optimization
INFO: [Opt 31-138] Pushed 0 inverter(s) to 0 load pin(s).
Netlist sorting complete. Time (s): cpu = 00:00:00 ; elapsed = 00:00:00 . Memory (MB): peak = 1327.797 ; gain = 0.000
INFO: [Project 1-111] Unisim Transformation Summary:
No Unisim elements were transformed.

Synth Design complete | Checksum: 993cf587
INFO: [Common 17-83] Releasing license: Synthesis
22 Infos, 3 Warnings, 0 Critical Warnings and 0 Errors encountered.
synth_design completed successfully
synth_design: Time (s): cpu = 00:00:18 ; elapsed = 00:00:30 . Memory (MB): peak = 1327.797 ; gain = 847.363
INFO: [Common 17-1381] The checkpoint 'C:/Users/Meep/Desktop/File/hw_syn_lab/lab1/lab1.runs/synth_1/testerShiftAB.dcp' has been generated.
INFO: [runtcl-4] Executing : report_utilization -file testerShiftAB_utilization_synth.rpt -pb testerShiftAB_utilization_synth.pb
INFO: [Common 17-206] Exiting Vivado at Thu Aug 24 22:23:10 2023...
