
*** Running vivado
    with args -log Final.vds -m64 -product Vivado -mode batch -messageDb vivado.pb -notrace -source Final.tcl


ECHO is off.
ECHO is off.

****** Vivado v2023.1 (64-bit)
  **** SW Build 3865809 on Sun May  7 15:05:29 MDT 2023
  **** IP Build 3864474 on Sun May  7 20:36:21 MDT 2023
  **** SharedData Build 3865790 on Sun May 07 13:33:03 MDT 2023
    ** Copyright 1986-2022 Xilinx, Inc. All Rights Reserved.
    ** Copyright 2022-2023 Advanced Micro Devices, Inc. All Rights Reserved.

source Final.tcl -notrace
create_project: Time (s): cpu = 00:00:05 ; elapsed = 00:00:06 . Memory (MB): peak = 455.934 ; gain = 163.727
Command: read_checkpoint -auto_incremental -incremental C:/Users/Meep/Desktop/File/hw_syn_lab/lab_3/lab_3.srcs/utils_1/imports/synth_1/BCD_Counter_Testbench.dcp
INFO: [Vivado 12-5825] Read reference checkpoint from C:/Users/Meep/Desktop/File/hw_syn_lab/lab_3/lab_3.srcs/utils_1/imports/synth_1/BCD_Counter_Testbench.dcp for incremental synthesis
INFO: [Vivado 12-7989] Please ensure there are no constraint changes
Command: synth_design -top Final -part xc7a35tcpg236-1
Starting synth_design
Attempting to get a license for feature 'Synthesis' and/or device 'xc7a35t'
INFO: [Common 17-349] Got license for feature 'Synthesis' and/or device 'xc7a35t'
INFO: [Device 21-403] Loading part xc7a35tcpg236-1
INFO: [Designutils 20-5440] No compile time benefit to using incremental synthesis; A full resynthesis will be run
INFO: [Designutils 20-4379] Flow is switching to default flow due to incremental criteria not met. If you would like to alter this behaviour and have the flow terminate instead, please set the following parameter config_implementation {autoIncr.Synth.RejectBehavior Terminate}
INFO: [Synth 8-7079] Multithreading enabled for synth_design using a maximum of 2 processes.
INFO: [Synth 8-7078] Launching helper process for spawning children vivado processes
INFO: [Synth 8-7075] Helper process launched with PID 22592
WARNING: [Synth 8-11121] redeclaration of ANSI port 'clk_out' is not allowed [C:/Users/Meep/Desktop/File/hw_syn_lab/project_lab2/project_lab2.srcs/sources_1/new/clock_divider.v:28]
WARNING: [Synth 8-11121] redeclaration of ANSI port 'segment' is not allowed [C:/Users/Meep/Desktop/File/hw_syn_lab/project_lab2/project_lab2.srcs/sources_1/new/hex_to_7seg.v:27]
---------------------------------------------------------------------------------
Starting RTL Elaboration : Time (s): cpu = 00:00:05 ; elapsed = 00:00:05 . Memory (MB): peak = 1273.492 ; gain = 410.902
---------------------------------------------------------------------------------
INFO: [Synth 8-6157] synthesizing module 'Final' [C:/Users/Meep/Desktop/File/hw_syn_lab/lab_3/lab_3.srcs/sources_1/new/Final.v:23]
INFO: [Synth 8-6157] synthesizing module 'clock_divider' [C:/Users/Meep/Desktop/File/hw_syn_lab/project_lab2/project_lab2.srcs/sources_1/new/clock_divider.v:23]
INFO: [Synth 8-6155] done synthesizing module 'clock_divider' (0#1) [C:/Users/Meep/Desktop/File/hw_syn_lab/project_lab2/project_lab2.srcs/sources_1/new/clock_divider.v:23]
WARNING: [Synth 8-324] index 20 out of range [C:/Users/Meep/Desktop/File/hw_syn_lab/lab_3/lab_3.srcs/sources_1/new/Final.v:49]
INFO: [Synth 8-6157] synthesizing module 'Debouncer' [C:/Users/Meep/Desktop/File/hw_syn_lab/lab_3/lab_3.srcs/sources_1/new/Debouncer.v:23]
INFO: [Synth 8-6155] done synthesizing module 'Debouncer' (0#1) [C:/Users/Meep/Desktop/File/hw_syn_lab/lab_3/lab_3.srcs/sources_1/new/Debouncer.v:23]
INFO: [Synth 8-6157] synthesizing module 'DFlipFlop' [C:/Users/Meep/Desktop/File/hw_syn_lab/lab1/lab1.srcs/sources_1/new/DFlipFlop.v:23]
INFO: [Synth 8-6155] done synthesizing module 'DFlipFlop' (0#1) [C:/Users/Meep/Desktop/File/hw_syn_lab/lab1/lab1.srcs/sources_1/new/DFlipFlop.v:23]
INFO: [Synth 8-6157] synthesizing module 'Single_Pulser' [C:/Users/Meep/Desktop/File/hw_syn_lab/lab_3/lab_3.srcs/sources_1/new/Single_Pulser.v:23]
INFO: [Synth 8-6155] done synthesizing module 'Single_Pulser' (0#1) [C:/Users/Meep/Desktop/File/hw_syn_lab/lab_3/lab_3.srcs/sources_1/new/Single_Pulser.v:23]
INFO: [Synth 8-6157] synthesizing module 'BCD_Counter' [C:/Users/Meep/Desktop/File/hw_syn_lab/lab_3/lab_3.srcs/sources_1/new/BCD_Counter.v:23]
INFO: [Synth 8-155] case statement is not full and has no default [C:/Users/Meep/Desktop/File/hw_syn_lab/lab_3/lab_3.srcs/sources_1/new/BCD_Counter.v:40]
INFO: [Synth 8-6155] done synthesizing module 'BCD_Counter' (0#1) [C:/Users/Meep/Desktop/File/hw_syn_lab/lab_3/lab_3.srcs/sources_1/new/BCD_Counter.v:23]
INFO: [Synth 8-6157] synthesizing module 'seven_segment_tdm' [C:/Users/Meep/Desktop/File/hw_syn_lab/project_lab2/project_lab2.srcs/sources_1/new/seven_segment_tdm.v:23]
INFO: [Synth 8-6157] synthesizing module 'hex_to_7seg' [C:/Users/Meep/Desktop/File/hw_syn_lab/project_lab2/project_lab2.srcs/sources_1/new/hex_to_7seg.v:23]
INFO: [Synth 8-6155] done synthesizing module 'hex_to_7seg' (0#1) [C:/Users/Meep/Desktop/File/hw_syn_lab/project_lab2/project_lab2.srcs/sources_1/new/hex_to_7seg.v:23]
WARNING: [Synth 8-567] referenced signal 'num0' should be on the sensitivity list [C:/Users/Meep/Desktop/File/hw_syn_lab/project_lab2/project_lab2.srcs/sources_1/new/seven_segment_tdm.v:49]
WARNING: [Synth 8-567] referenced signal 'num1' should be on the sensitivity list [C:/Users/Meep/Desktop/File/hw_syn_lab/project_lab2/project_lab2.srcs/sources_1/new/seven_segment_tdm.v:49]
WARNING: [Synth 8-567] referenced signal 'num2' should be on the sensitivity list [C:/Users/Meep/Desktop/File/hw_syn_lab/project_lab2/project_lab2.srcs/sources_1/new/seven_segment_tdm.v:49]
WARNING: [Synth 8-567] referenced signal 'num3' should be on the sensitivity list [C:/Users/Meep/Desktop/File/hw_syn_lab/project_lab2/project_lab2.srcs/sources_1/new/seven_segment_tdm.v:49]
INFO: [Synth 8-6155] done synthesizing module 'seven_segment_tdm' (0#1) [C:/Users/Meep/Desktop/File/hw_syn_lab/project_lab2/project_lab2.srcs/sources_1/new/seven_segment_tdm.v:23]
WARNING: [Synth 8-689] width (32) of port connection 'dot' does not match port width (1) of module 'seven_segment_tdm' [C:/Users/Meep/Desktop/File/hw_syn_lab/lab_3/lab_3.srcs/sources_1/new/Final.v:75]
WARNING: [Synth 8-2900] ignoring illegal expression in output port connection [C:/Users/Meep/Desktop/File/hw_syn_lab/lab_3/lab_3.srcs/sources_1/new/Final.v:75]
INFO: [Synth 8-6155] done synthesizing module 'Final' (0#1) [C:/Users/Meep/Desktop/File/hw_syn_lab/lab_3/lab_3.srcs/sources_1/new/Final.v:23]
WARNING: [Synth 8-3848] Net dp in module/entity Final does not have driver. [C:/Users/Meep/Desktop/File/hw_syn_lab/lab_3/lab_3.srcs/sources_1/new/Final.v:29]
WARNING: [Synth 8-7129] Port dp in module Final is either unconnected or has no load
---------------------------------------------------------------------------------
Finished RTL Elaboration : Time (s): cpu = 00:00:06 ; elapsed = 00:00:07 . Memory (MB): peak = 1363.938 ; gain = 501.348
---------------------------------------------------------------------------------
---------------------------------------------------------------------------------
Start Handling Custom Attributes
---------------------------------------------------------------------------------
---------------------------------------------------------------------------------
Finished Handling Custom Attributes : Time (s): cpu = 00:00:06 ; elapsed = 00:00:07 . Memory (MB): peak = 1363.938 ; gain = 501.348
---------------------------------------------------------------------------------
---------------------------------------------------------------------------------
Finished RTL Optimization Phase 1 : Time (s): cpu = 00:00:06 ; elapsed = 00:00:07 . Memory (MB): peak = 1363.938 ; gain = 501.348
---------------------------------------------------------------------------------
Netlist sorting complete. Time (s): cpu = 00:00:00 ; elapsed = 00:00:00.002 . Memory (MB): peak = 1363.938 ; gain = 0.000
INFO: [Project 1-570] Preparing netlist for logic optimization

Processing XDC Constraints
Initializing timing engine
Parsing XDC File [C:/Users/Meep/Desktop/File/hw_syn_lab/Basys-3-Master.xdc]
WARNING: [Vivado 12-584] No ports matched 'btnL'. [C:/Users/Meep/Desktop/File/hw_syn_lab/Basys-3-Master.xdc:69]
CRITICAL WARNING: [Common 17-55] 'set_property' expects at least one object. [C:/Users/Meep/Desktop/File/hw_syn_lab/Basys-3-Master.xdc:69]
Resolution: If [get_<value>] was used to populate the object, check to make sure this command returns at least one valid object.
WARNING: [Vivado 12-584] No ports matched 'btnR'. [C:/Users/Meep/Desktop/File/hw_syn_lab/Basys-3-Master.xdc:70]
CRITICAL WARNING: [Common 17-55] 'set_property' expects at least one object. [C:/Users/Meep/Desktop/File/hw_syn_lab/Basys-3-Master.xdc:70]
Resolution: If [get_<value>] was used to populate the object, check to make sure this command returns at least one valid object.
WARNING: [Vivado 12-584] No ports matched 'btnD'. [C:/Users/Meep/Desktop/File/hw_syn_lab/Basys-3-Master.xdc:71]
CRITICAL WARNING: [Common 17-55] 'set_property' expects at least one object. [C:/Users/Meep/Desktop/File/hw_syn_lab/Basys-3-Master.xdc:71]
Resolution: If [get_<value>] was used to populate the object, check to make sure this command returns at least one valid object.
Finished Parsing XDC File [C:/Users/Meep/Desktop/File/hw_syn_lab/Basys-3-Master.xdc]
INFO: [Project 1-236] Implementation specific constraints were found while reading constraint file [C:/Users/Meep/Desktop/File/hw_syn_lab/Basys-3-Master.xdc]. These constraints will be ignored for synthesis but will be used in implementation. Impacted constraints are listed in the file [.Xil/Final_propImpl.xdc].
Resolution: To avoid this warning, move constraints listed in [.Xil/Final_propImpl.xdc] to another XDC file and exclude this new file from synthesis with the used_in_synthesis property (File Properties dialog in GUI) and re-run elaboration/synthesis.
Completed Processing XDC Constraints

Netlist sorting complete. Time (s): cpu = 00:00:00 ; elapsed = 00:00:00 . Memory (MB): peak = 1450.652 ; gain = 0.000
INFO: [Project 1-111] Unisim Transformation Summary:
No Unisim elements were transformed.

Constraint Validation Runtime : Time (s): cpu = 00:00:00 ; elapsed = 00:00:00.003 . Memory (MB): peak = 1450.652 ; gain = 0.000
INFO: [Designutils 20-5440] No compile time benefit to using incremental synthesis; A full resynthesis will be run
INFO: [Designutils 20-4379] Flow is switching to default flow due to incremental criteria not met. If you would like to alter this behaviour and have the flow terminate instead, please set the following parameter config_implementation {autoIncr.Synth.RejectBehavior Terminate}
---------------------------------------------------------------------------------
Finished Constraint Validation : Time (s): cpu = 00:00:13 ; elapsed = 00:00:15 . Memory (MB): peak = 1450.652 ; gain = 588.062
---------------------------------------------------------------------------------
---------------------------------------------------------------------------------
Start Loading Part and Timing Information
---------------------------------------------------------------------------------
Loading part: xc7a35tcpg236-1
---------------------------------------------------------------------------------
Finished Loading Part and Timing Information : Time (s): cpu = 00:00:13 ; elapsed = 00:00:15 . Memory (MB): peak = 1450.652 ; gain = 588.062
---------------------------------------------------------------------------------
---------------------------------------------------------------------------------
Start Applying 'set_property' XDC Constraints
---------------------------------------------------------------------------------
---------------------------------------------------------------------------------
Finished applying 'set_property' XDC Constraints : Time (s): cpu = 00:00:13 ; elapsed = 00:00:15 . Memory (MB): peak = 1450.652 ; gain = 588.062
---------------------------------------------------------------------------------
---------------------------------------------------------------------------------
Finished RTL Optimization Phase 2 : Time (s): cpu = 00:00:13 ; elapsed = 00:00:16 . Memory (MB): peak = 1450.652 ; gain = 588.062
---------------------------------------------------------------------------------
---------------------------------------------------------------------------------
Start RTL Component Statistics 
---------------------------------------------------------------------------------
Detailed RTL Component Info : 
+---Adders : 
	   2 Input    6 Bit       Adders := 10    
	   2 Input    5 Bit       Adders := 8     
	   2 Input    2 Bit       Adders := 1     
+---Registers : 
	                6 Bit    Registers := 10    
	                4 Bit    Registers := 4     
	                2 Bit    Registers := 1     
	                1 Bit    Registers := 78    
+---Muxes : 
	   5 Input    4 Bit        Muxes := 4     
	   4 Input    4 Bit        Muxes := 2     
	   2 Input    1 Bit        Muxes := 20    
	   3 Input    1 Bit        Muxes := 20    
	   5 Input    1 Bit        Muxes := 12    
---------------------------------------------------------------------------------
Finished RTL Component Statistics 
---------------------------------------------------------------------------------
---------------------------------------------------------------------------------
Start Part Resource Summary
---------------------------------------------------------------------------------
Part Resources:
DSPs: 90 (col length:60)
BRAMs: 100 (col length: RAMB18 60 RAMB36 30)
---------------------------------------------------------------------------------
Finished Part Resource Summary
---------------------------------------------------------------------------------
---------------------------------------------------------------------------------
Start Cross Boundary and Area Optimization
---------------------------------------------------------------------------------
WARNING: [Synth 8-7080] Parallel synthesis criteria is not met
WARNING: [Synth 8-7129] Port dp in module Final is either unconnected or has no load
---------------------------------------------------------------------------------
Finished Cross Boundary and Area Optimization : Time (s): cpu = 00:00:17 ; elapsed = 00:00:21 . Memory (MB): peak = 1450.652 ; gain = 588.062
---------------------------------------------------------------------------------
---------------------------------------------------------------------------------
Start Applying XDC Timing Constraints
---------------------------------------------------------------------------------
---------------------------------------------------------------------------------
Finished Applying XDC Timing Constraints : Time (s): cpu = 00:00:22 ; elapsed = 00:00:27 . Memory (MB): peak = 1450.652 ; gain = 588.062
---------------------------------------------------------------------------------
---------------------------------------------------------------------------------
Start Timing Optimization
---------------------------------------------------------------------------------
---------------------------------------------------------------------------------
Finished Timing Optimization : Time (s): cpu = 00:00:22 ; elapsed = 00:00:27 . Memory (MB): peak = 1450.652 ; gain = 588.062
---------------------------------------------------------------------------------
---------------------------------------------------------------------------------
Start Technology Mapping
---------------------------------------------------------------------------------
---------------------------------------------------------------------------------
Finished Technology Mapping : Time (s): cpu = 00:00:23 ; elapsed = 00:00:27 . Memory (MB): peak = 1450.652 ; gain = 588.062
---------------------------------------------------------------------------------
---------------------------------------------------------------------------------
Start IO Insertion
---------------------------------------------------------------------------------
---------------------------------------------------------------------------------
Start Flattening Before IO Insertion
---------------------------------------------------------------------------------
---------------------------------------------------------------------------------
Finished Flattening Before IO Insertion
---------------------------------------------------------------------------------
---------------------------------------------------------------------------------
Start Final Netlist Cleanup
---------------------------------------------------------------------------------
---------------------------------------------------------------------------------
Finished Final Netlist Cleanup
---------------------------------------------------------------------------------
---------------------------------------------------------------------------------
Finished IO Insertion : Time (s): cpu = 00:00:27 ; elapsed = 00:00:33 . Memory (MB): peak = 1450.652 ; gain = 588.062
---------------------------------------------------------------------------------
---------------------------------------------------------------------------------
Start Renaming Generated Instances
---------------------------------------------------------------------------------
---------------------------------------------------------------------------------
Finished Renaming Generated Instances : Time (s): cpu = 00:00:27 ; elapsed = 00:00:33 . Memory (MB): peak = 1450.652 ; gain = 588.062
---------------------------------------------------------------------------------
---------------------------------------------------------------------------------
Start Rebuilding User Hierarchy
---------------------------------------------------------------------------------
---------------------------------------------------------------------------------
Finished Rebuilding User Hierarchy : Time (s): cpu = 00:00:27 ; elapsed = 00:00:33 . Memory (MB): peak = 1450.652 ; gain = 588.062
---------------------------------------------------------------------------------
---------------------------------------------------------------------------------
Start Renaming Generated Ports
---------------------------------------------------------------------------------
---------------------------------------------------------------------------------
Finished Renaming Generated Ports : Time (s): cpu = 00:00:27 ; elapsed = 00:00:33 . Memory (MB): peak = 1450.652 ; gain = 588.062
---------------------------------------------------------------------------------
---------------------------------------------------------------------------------
Start Handling Custom Attributes
---------------------------------------------------------------------------------
---------------------------------------------------------------------------------
Finished Handling Custom Attributes : Time (s): cpu = 00:00:27 ; elapsed = 00:00:33 . Memory (MB): peak = 1450.652 ; gain = 588.062
---------------------------------------------------------------------------------
---------------------------------------------------------------------------------
Start Renaming Generated Nets
---------------------------------------------------------------------------------
---------------------------------------------------------------------------------
Finished Renaming Generated Nets : Time (s): cpu = 00:00:27 ; elapsed = 00:00:33 . Memory (MB): peak = 1450.652 ; gain = 588.062
---------------------------------------------------------------------------------
---------------------------------------------------------------------------------
Start Writing Synthesis Report
---------------------------------------------------------------------------------

Report BlackBoxes: 
+-+--------------+----------+
| |BlackBox name |Instances |
+-+--------------+----------+
+-+--------------+----------+

Report Cell Usage: 
+------+------+------+
|      |Cell  |Count |
+------+------+------+
|1     |BUFG  |     2|
|2     |LUT1  |    41|
|3     |LUT2  |    32|
|4     |LUT3  |    21|
|5     |LUT4  |    25|
|6     |LUT5  |    16|
|7     |LUT6  |    60|
|8     |FDRE  |   155|
|9     |IBUF  |    11|
|10    |OBUF  |    11|
|11    |OBUFT |     1|
+------+------+------+
---------------------------------------------------------------------------------
Finished Writing Synthesis Report : Time (s): cpu = 00:00:27 ; elapsed = 00:00:33 . Memory (MB): peak = 1450.652 ; gain = 588.062
---------------------------------------------------------------------------------
Synthesis finished with 0 errors, 0 critical warnings and 2 warnings.
Synthesis Optimization Runtime : Time (s): cpu = 00:00:19 ; elapsed = 00:00:31 . Memory (MB): peak = 1450.652 ; gain = 501.348
Synthesis Optimization Complete : Time (s): cpu = 00:00:27 ; elapsed = 00:00:33 . Memory (MB): peak = 1450.652 ; gain = 588.062
INFO: [Project 1-571] Translating synthesized netlist
Netlist sorting complete. Time (s): cpu = 00:00:00 ; elapsed = 00:00:00.002 . Memory (MB): peak = 1450.652 ; gain = 0.000
INFO: [Project 1-570] Preparing netlist for logic optimization
INFO: [Opt 31-138] Pushed 0 inverter(s) to 0 load pin(s).
Netlist sorting complete. Time (s): cpu = 00:00:00 ; elapsed = 00:00:00.001 . Memory (MB): peak = 1450.652 ; gain = 0.000
INFO: [Project 1-111] Unisim Transformation Summary:
No Unisim elements were transformed.

Synth Design complete | Checksum: 1af7d49d
INFO: [Common 17-83] Releasing license: Synthesis
36 Infos, 16 Warnings, 3 Critical Warnings and 0 Errors encountered.
synth_design completed successfully
synth_design: Time (s): cpu = 00:00:31 ; elapsed = 00:00:38 . Memory (MB): peak = 1450.652 ; gain = 967.176
INFO: [runtcl-6] Synthesis results are not added to the cache due to CRITICAL_WARNING
INFO: [Common 17-1381] The checkpoint 'C:/Users/Meep/Desktop/File/hw_syn_lab/lab_3/lab_3.runs/synth_1/Final.dcp' has been generated.
INFO: [runtcl-4] Executing : report_utilization -file Final_utilization_synth.rpt -pb Final_utilization_synth.pb
INFO: [Common 17-206] Exiting Vivado at Tue Sep 12 12:45:25 2023...
