
*** Running vivado
    with args -log system.vds -m64 -product Vivado -mode batch -messageDb vivado.pb -notrace -source system.tcl


ECHO is off.
ECHO is off.

****** Vivado v2023.1 (64-bit)
  **** SW Build 3865809 on Sun May  7 15:05:29 MDT 2023
  **** IP Build 3864474 on Sun May  7 20:36:21 MDT 2023
  **** SharedData Build 3865790 on Sun May 07 13:33:03 MDT 2023
    ** Copyright 1986-2022 Xilinx, Inc. All Rights Reserved.
    ** Copyright 2022-2023 Advanced Micro Devices, Inc. All Rights Reserved.

source system.tcl -notrace
create_project: Time (s): cpu = 00:00:05 ; elapsed = 00:00:06 . Memory (MB): peak = 455.750 ; gain = 161.238
Command: read_checkpoint -auto_incremental -incremental C:/Users/Meep/Desktop/File/hw_syn_lab/lab4/lab4.srcs/utils_1/imports/synth_1/system.dcp
INFO: [Vivado 12-5825] Read reference checkpoint from C:/Users/Meep/Desktop/File/hw_syn_lab/lab4/lab4.srcs/utils_1/imports/synth_1/system.dcp for incremental synthesis
INFO: [Vivado 12-7989] Please ensure there are no constraint changes
Command: synth_design -top system -part xc7a35tcpg236-1
Starting synth_design
Attempting to get a license for feature 'Synthesis' and/or device 'xc7a35t'
INFO: [Common 17-349] Got license for feature 'Synthesis' and/or device 'xc7a35t'
INFO: [Device 21-403] Loading part xc7a35tcpg236-1
INFO: [Designutils 20-5440] No compile time benefit to using incremental synthesis; A full resynthesis will be run
INFO: [Designutils 20-4379] Flow is switching to default flow due to incremental criteria not met. If you would like to alter this behaviour and have the flow terminate instead, please set the following parameter config_implementation {autoIncr.Synth.RejectBehavior Terminate}
INFO: [Synth 8-7079] Multithreading enabled for synth_design using a maximum of 2 processes.
INFO: [Synth 8-7078] Launching helper process for spawning children vivado processes
INFO: [Synth 8-7075] Helper process launched with PID 15436
WARNING: [Synth 8-11121] redeclaration of ANSI port 'clk_out' is not allowed [C:/Users/Meep/Desktop/File/hw_syn_lab/lab4/lab4.srcs/sources_1/new/clock_div.v:28]
WARNING: [Synth 8-11121] redeclaration of ANSI port 'segment' is not allowed [C:/Users/Meep/Desktop/File/hw_syn_lab/lab4/lab4.srcs/sources_1/new/hex_to_7seg.v:27]
---------------------------------------------------------------------------------
Starting RTL Elaboration : Time (s): cpu = 00:00:04 ; elapsed = 00:00:07 . Memory (MB): peak = 1274.430 ; gain = 411.746
---------------------------------------------------------------------------------
INFO: [Synth 8-6157] synthesizing module 'system' [C:/Users/Meep/Desktop/File/hw_syn_lab/lab4/lab4.srcs/sources_1/new/system.v:23]
INFO: [Synth 8-6157] synthesizing module 'clock_divider' [C:/Users/Meep/Desktop/File/hw_syn_lab/lab4/lab4.srcs/sources_1/new/clock_div.v:23]
INFO: [Synth 8-6155] done synthesizing module 'clock_divider' (0#1) [C:/Users/Meep/Desktop/File/hw_syn_lab/lab4/lab4.srcs/sources_1/new/clock_div.v:23]
INFO: [Synth 8-6157] synthesizing module 'Switch_Handle' [C:/Users/Meep/Desktop/File/hw_syn_lab/lab4/lab4.srcs/sources_1/new/Switch_Handle.v:23]
INFO: [Synth 8-6157] synthesizing module 'Debouncer' [C:/Users/Meep/Desktop/File/hw_syn_lab/lab4/lab4.srcs/sources_1/new/Debouncer.v:23]
INFO: [Synth 8-6155] done synthesizing module 'Debouncer' (0#1) [C:/Users/Meep/Desktop/File/hw_syn_lab/lab4/lab4.srcs/sources_1/new/Debouncer.v:23]
INFO: [Synth 8-6157] synthesizing module 'DFlipFlop' [C:/Users/Meep/Desktop/File/hw_syn_lab/lab4/lab4.srcs/sources_1/new/DFlipflop.v:23]
INFO: [Synth 8-6155] done synthesizing module 'DFlipFlop' (0#1) [C:/Users/Meep/Desktop/File/hw_syn_lab/lab4/lab4.srcs/sources_1/new/DFlipflop.v:23]
INFO: [Synth 8-6157] synthesizing module 'Single_Pulser' [C:/Users/Meep/Desktop/File/hw_syn_lab/lab4/lab4.srcs/sources_1/new/Single_Pulser.v:23]
INFO: [Synth 8-6155] done synthesizing module 'Single_Pulser' (0#1) [C:/Users/Meep/Desktop/File/hw_syn_lab/lab4/lab4.srcs/sources_1/new/Single_Pulser.v:23]
INFO: [Synth 8-6155] done synthesizing module 'Switch_Handle' (0#1) [C:/Users/Meep/Desktop/File/hw_syn_lab/lab4/lab4.srcs/sources_1/new/Switch_Handle.v:23]
INFO: [Synth 8-6157] synthesizing module 'SinglePortRAM' [C:/Users/Meep/Desktop/File/hw_syn_lab/lab4/lab4.srcs/sources_1/new/SinglePortRAM.v:23]
INFO: [Synth 8-6155] done synthesizing module 'SinglePortRAM' (0#1) [C:/Users/Meep/Desktop/File/hw_syn_lab/lab4/lab4.srcs/sources_1/new/SinglePortRAM.v:23]
INFO: [Synth 8-6157] synthesizing module 'seven_segment_tdm' [C:/Users/Meep/Desktop/File/hw_syn_lab/lab4/lab4.srcs/sources_1/new/seven_segment_tdm.v:23]
INFO: [Synth 8-6157] synthesizing module 'hex_to_7seg' [C:/Users/Meep/Desktop/File/hw_syn_lab/lab4/lab4.srcs/sources_1/new/hex_to_7seg.v:23]
INFO: [Synth 8-6155] done synthesizing module 'hex_to_7seg' (0#1) [C:/Users/Meep/Desktop/File/hw_syn_lab/lab4/lab4.srcs/sources_1/new/hex_to_7seg.v:23]
WARNING: [Synth 8-567] referenced signal 'num0' should be on the sensitivity list [C:/Users/Meep/Desktop/File/hw_syn_lab/lab4/lab4.srcs/sources_1/new/seven_segment_tdm.v:49]
WARNING: [Synth 8-567] referenced signal 'num1' should be on the sensitivity list [C:/Users/Meep/Desktop/File/hw_syn_lab/lab4/lab4.srcs/sources_1/new/seven_segment_tdm.v:49]
WARNING: [Synth 8-567] referenced signal 'num2' should be on the sensitivity list [C:/Users/Meep/Desktop/File/hw_syn_lab/lab4/lab4.srcs/sources_1/new/seven_segment_tdm.v:49]
WARNING: [Synth 8-567] referenced signal 'num3' should be on the sensitivity list [C:/Users/Meep/Desktop/File/hw_syn_lab/lab4/lab4.srcs/sources_1/new/seven_segment_tdm.v:49]
INFO: [Synth 8-6155] done synthesizing module 'seven_segment_tdm' (0#1) [C:/Users/Meep/Desktop/File/hw_syn_lab/lab4/lab4.srcs/sources_1/new/seven_segment_tdm.v:23]
WARNING: [Synth 8-689] width (32) of port connection 'dot' does not match port width (1) of module 'seven_segment_tdm' [C:/Users/Meep/Desktop/File/hw_syn_lab/lab4/lab4.srcs/sources_1/new/system.v:85]
WARNING: [Synth 8-2900] ignoring illegal expression in output port connection [C:/Users/Meep/Desktop/File/hw_syn_lab/lab4/lab4.srcs/sources_1/new/system.v:85]
INFO: [Synth 8-6155] done synthesizing module 'system' (0#1) [C:/Users/Meep/Desktop/File/hw_syn_lab/lab4/lab4.srcs/sources_1/new/system.v:23]
WARNING: [Synth 8-3848] Net dp in module/entity system does not have driver. [C:/Users/Meep/Desktop/File/hw_syn_lab/lab4/lab4.srcs/sources_1/new/system.v:29]
WARNING: [Synth 8-7129] Port dp in module system is either unconnected or has no load
---------------------------------------------------------------------------------
Finished RTL Elaboration : Time (s): cpu = 00:00:05 ; elapsed = 00:00:09 . Memory (MB): peak = 1365.539 ; gain = 502.855
---------------------------------------------------------------------------------
---------------------------------------------------------------------------------
Start Handling Custom Attributes
---------------------------------------------------------------------------------
---------------------------------------------------------------------------------
Finished Handling Custom Attributes : Time (s): cpu = 00:00:05 ; elapsed = 00:00:09 . Memory (MB): peak = 1365.539 ; gain = 502.855
---------------------------------------------------------------------------------
---------------------------------------------------------------------------------
Finished RTL Optimization Phase 1 : Time (s): cpu = 00:00:05 ; elapsed = 00:00:09 . Memory (MB): peak = 1365.539 ; gain = 502.855
---------------------------------------------------------------------------------
Netlist sorting complete. Time (s): cpu = 00:00:00 ; elapsed = 00:00:00.002 . Memory (MB): peak = 1365.539 ; gain = 0.000
INFO: [Project 1-570] Preparing netlist for logic optimization

Processing XDC Constraints
Initializing timing engine
Parsing XDC File [C:/Users/Meep/Desktop/File/hw_syn_lab/lab4/lab4.srcs/constrs_1/new/Basys-3-Master.xdc]
WARNING: [Vivado 12-584] No ports matched 'btnL'. [C:/Users/Meep/Desktop/File/hw_syn_lab/lab4/lab4.srcs/constrs_1/new/Basys-3-Master.xdc:69]
CRITICAL WARNING: [Common 17-55] 'set_property' expects at least one object. [C:/Users/Meep/Desktop/File/hw_syn_lab/lab4/lab4.srcs/constrs_1/new/Basys-3-Master.xdc:69]
Resolution: If [get_<value>] was used to populate the object, check to make sure this command returns at least one valid object.
WARNING: [Vivado 12-584] No ports matched 'btnR'. [C:/Users/Meep/Desktop/File/hw_syn_lab/lab4/lab4.srcs/constrs_1/new/Basys-3-Master.xdc:70]
CRITICAL WARNING: [Common 17-55] 'set_property' expects at least one object. [C:/Users/Meep/Desktop/File/hw_syn_lab/lab4/lab4.srcs/constrs_1/new/Basys-3-Master.xdc:70]
Resolution: If [get_<value>] was used to populate the object, check to make sure this command returns at least one valid object.
Finished Parsing XDC File [C:/Users/Meep/Desktop/File/hw_syn_lab/lab4/lab4.srcs/constrs_1/new/Basys-3-Master.xdc]
INFO: [Project 1-236] Implementation specific constraints were found while reading constraint file [C:/Users/Meep/Desktop/File/hw_syn_lab/lab4/lab4.srcs/constrs_1/new/Basys-3-Master.xdc]. These constraints will be ignored for synthesis but will be used in implementation. Impacted constraints are listed in the file [.Xil/system_propImpl.xdc].
Resolution: To avoid this warning, move constraints listed in [.Xil/system_propImpl.xdc] to another XDC file and exclude this new file from synthesis with the used_in_synthesis property (File Properties dialog in GUI) and re-run elaboration/synthesis.
Completed Processing XDC Constraints

Netlist sorting complete. Time (s): cpu = 00:00:00 ; elapsed = 00:00:00 . Memory (MB): peak = 1429.078 ; gain = 0.000
INFO: [Project 1-111] Unisim Transformation Summary:
No Unisim elements were transformed.

Constraint Validation Runtime : Time (s): cpu = 00:00:00 ; elapsed = 00:00:00.003 . Memory (MB): peak = 1429.078 ; gain = 0.000
INFO: [Designutils 20-5440] No compile time benefit to using incremental synthesis; A full resynthesis will be run
INFO: [Designutils 20-4379] Flow is switching to default flow due to incremental criteria not met. If you would like to alter this behaviour and have the flow terminate instead, please set the following parameter config_implementation {autoIncr.Synth.RejectBehavior Terminate}
---------------------------------------------------------------------------------
Finished Constraint Validation : Time (s): cpu = 00:00:11 ; elapsed = 00:00:18 . Memory (MB): peak = 1429.078 ; gain = 566.395
---------------------------------------------------------------------------------
---------------------------------------------------------------------------------
Start Loading Part and Timing Information
---------------------------------------------------------------------------------
Loading part: xc7a35tcpg236-1
---------------------------------------------------------------------------------
Finished Loading Part and Timing Information : Time (s): cpu = 00:00:11 ; elapsed = 00:00:18 . Memory (MB): peak = 1429.078 ; gain = 566.395
---------------------------------------------------------------------------------
---------------------------------------------------------------------------------
Start Applying 'set_property' XDC Constraints
---------------------------------------------------------------------------------
---------------------------------------------------------------------------------
Finished applying 'set_property' XDC Constraints : Time (s): cpu = 00:00:11 ; elapsed = 00:00:18 . Memory (MB): peak = 1429.078 ; gain = 566.395
---------------------------------------------------------------------------------
---------------------------------------------------------------------------------
Finished RTL Optimization Phase 2 : Time (s): cpu = 00:00:11 ; elapsed = 00:00:18 . Memory (MB): peak = 1429.078 ; gain = 566.395
---------------------------------------------------------------------------------
---------------------------------------------------------------------------------
Start RTL Component Statistics 
---------------------------------------------------------------------------------
Detailed RTL Component Info : 
+---Adders : 
	   2 Input    8 Bit       Adders := 1     
	   2 Input    5 Bit       Adders := 3     
	   2 Input    2 Bit       Adders := 1     
+---Registers : 
	                8 Bit    Registers := 2     
	                5 Bit    Registers := 3     
	                2 Bit    Registers := 1     
	                1 Bit    Registers := 36    
+---RAMs : 
	               2K Bit	(256 X 8 bit)          RAMs := 1     
+---Muxes : 
	   4 Input    4 Bit        Muxes := 2     
	   2 Input    2 Bit        Muxes := 1     
	   2 Input    1 Bit        Muxes := 8     
---------------------------------------------------------------------------------
Finished RTL Component Statistics 
---------------------------------------------------------------------------------
---------------------------------------------------------------------------------
Start Part Resource Summary
---------------------------------------------------------------------------------
Part Resources:
DSPs: 90 (col length:60)
BRAMs: 100 (col length: RAMB18 60 RAMB36 30)
---------------------------------------------------------------------------------
Finished Part Resource Summary
---------------------------------------------------------------------------------
---------------------------------------------------------------------------------
Start Cross Boundary and Area Optimization
---------------------------------------------------------------------------------
WARNING: [Synth 8-7080] Parallel synthesis criteria is not met
WARNING: [Synth 8-7129] Port dp in module system is either unconnected or has no load
---------------------------------------------------------------------------------
Finished Cross Boundary and Area Optimization : Time (s): cpu = 00:00:13 ; elapsed = 00:00:21 . Memory (MB): peak = 1429.078 ; gain = 566.395
---------------------------------------------------------------------------------
---------------------------------------------------------------------------------
Start ROM, RAM, DSP, Shift Register and Retiming Reporting
---------------------------------------------------------------------------------

Block RAM: Preliminary Mapping Report (see note below)
+------------+-------------+------------------------+---+---+------------------------+---+---+------------------+--------+--------+
|Module Name | RTL Object  | PORT A (Depth x Width) | W | R | PORT B (Depth x Width) | W | R | Ports driving FF | RAMB18 | RAMB36 | 
+------------+-------------+------------------------+---+---+------------------------+---+---+------------------+--------+--------+
|system      | ram/mem_reg | 256 x 8(READ_FIRST)    | W |   | 256 x 8(WRITE_FIRST)   |   | R | Port A and B     | 1      | 0      | 
+------------+-------------+------------------------+---+---+------------------------+---+---+------------------+--------+--------+

Note: The table above is a preliminary report that shows the Block RAMs at the current stage of the synthesis flow. Some Block RAMs may be reimplemented as non Block RAM primitives later in the synthesis flow. Multiple instantiated Block RAMs are reported only once. 
---------------------------------------------------------------------------------
Finished ROM, RAM, DSP, Shift Register and Retiming Reporting
---------------------------------------------------------------------------------
---------------------------------------------------------------------------------
Start Applying XDC Timing Constraints
---------------------------------------------------------------------------------
---------------------------------------------------------------------------------
Finished Applying XDC Timing Constraints : Time (s): cpu = 00:00:18 ; elapsed = 00:00:26 . Memory (MB): peak = 1429.078 ; gain = 566.395
---------------------------------------------------------------------------------
---------------------------------------------------------------------------------
Start Timing Optimization
---------------------------------------------------------------------------------
---------------------------------------------------------------------------------
Finished Timing Optimization : Time (s): cpu = 00:00:18 ; elapsed = 00:00:26 . Memory (MB): peak = 1429.078 ; gain = 566.395
---------------------------------------------------------------------------------
---------------------------------------------------------------------------------
Start ROM, RAM, DSP, Shift Register and Retiming Reporting
---------------------------------------------------------------------------------

Block RAM: Final Mapping Report
+------------+-------------+------------------------+---+---+------------------------+---+---+------------------+--------+--------+
|Module Name | RTL Object  | PORT A (Depth x Width) | W | R | PORT B (Depth x Width) | W | R | Ports driving FF | RAMB18 | RAMB36 | 
+------------+-------------+------------------------+---+---+------------------------+---+---+------------------+--------+--------+
|system      | ram/mem_reg | 256 x 8(READ_FIRST)    | W |   | 256 x 8(WRITE_FIRST)   |   | R | Port A and B     | 1      | 0      | 
+------------+-------------+------------------------+---+---+------------------------+---+---+------------------+--------+--------+

---------------------------------------------------------------------------------
Finished ROM, RAM, DSP, Shift Register and Retiming Reporting
---------------------------------------------------------------------------------
---------------------------------------------------------------------------------
Start Technology Mapping
---------------------------------------------------------------------------------
INFO: [Synth 8-7052] The timing for the instance ram/mem_reg (implemented as a Block RAM) might be sub-optimal as no optional output register could be merged into the ram block. Providing additional output register may help in improving timing.
---------------------------------------------------------------------------------
Finished Technology Mapping : Time (s): cpu = 00:00:18 ; elapsed = 00:00:26 . Memory (MB): peak = 1429.078 ; gain = 566.395
---------------------------------------------------------------------------------
---------------------------------------------------------------------------------
Start IO Insertion
---------------------------------------------------------------------------------
---------------------------------------------------------------------------------
Start Flattening Before IO Insertion
---------------------------------------------------------------------------------
---------------------------------------------------------------------------------
Finished Flattening Before IO Insertion
---------------------------------------------------------------------------------
---------------------------------------------------------------------------------
Start Final Netlist Cleanup
---------------------------------------------------------------------------------
---------------------------------------------------------------------------------
Finished Final Netlist Cleanup
---------------------------------------------------------------------------------
---------------------------------------------------------------------------------
Finished IO Insertion : Time (s): cpu = 00:00:23 ; elapsed = 00:00:32 . Memory (MB): peak = 1429.078 ; gain = 566.395
---------------------------------------------------------------------------------
---------------------------------------------------------------------------------
Start Renaming Generated Instances
---------------------------------------------------------------------------------
---------------------------------------------------------------------------------
Finished Renaming Generated Instances : Time (s): cpu = 00:00:23 ; elapsed = 00:00:32 . Memory (MB): peak = 1429.078 ; gain = 566.395
---------------------------------------------------------------------------------
---------------------------------------------------------------------------------
Start Rebuilding User Hierarchy
---------------------------------------------------------------------------------
---------------------------------------------------------------------------------
Finished Rebuilding User Hierarchy : Time (s): cpu = 00:00:23 ; elapsed = 00:00:32 . Memory (MB): peak = 1429.078 ; gain = 566.395
---------------------------------------------------------------------------------
---------------------------------------------------------------------------------
Start Renaming Generated Ports
---------------------------------------------------------------------------------
---------------------------------------------------------------------------------
Finished Renaming Generated Ports : Time (s): cpu = 00:00:23 ; elapsed = 00:00:32 . Memory (MB): peak = 1429.078 ; gain = 566.395
---------------------------------------------------------------------------------
---------------------------------------------------------------------------------
Start Handling Custom Attributes
---------------------------------------------------------------------------------
---------------------------------------------------------------------------------
Finished Handling Custom Attributes : Time (s): cpu = 00:00:23 ; elapsed = 00:00:32 . Memory (MB): peak = 1429.078 ; gain = 566.395
---------------------------------------------------------------------------------
---------------------------------------------------------------------------------
Start Renaming Generated Nets
---------------------------------------------------------------------------------
---------------------------------------------------------------------------------
Finished Renaming Generated Nets : Time (s): cpu = 00:00:23 ; elapsed = 00:00:32 . Memory (MB): peak = 1429.078 ; gain = 566.395
---------------------------------------------------------------------------------
---------------------------------------------------------------------------------
Start Writing Synthesis Report
---------------------------------------------------------------------------------

Report BlackBoxes: 
+-+--------------+----------+
| |BlackBox name |Instances |
+-+--------------+----------+
+-+--------------+----------+

Report Cell Usage: 
+------+---------+------+
|      |Cell     |Count |
+------+---------+------+
|1     |BUFG     |     2|
|2     |CARRY4   |     2|
|3     |LUT1     |    29|
|4     |LUT2     |    17|
|5     |LUT3     |    10|
|6     |LUT4     |    13|
|7     |LUT5     |    10|
|8     |LUT6     |     5|
|9     |RAMB18E1 |     1|
|10    |FDRE     |    61|
|11    |IBUF     |    12|
|12    |OBUF     |    11|
|13    |OBUFT    |     1|
+------+---------+------+
---------------------------------------------------------------------------------
Finished Writing Synthesis Report : Time (s): cpu = 00:00:23 ; elapsed = 00:00:32 . Memory (MB): peak = 1429.078 ; gain = 566.395
---------------------------------------------------------------------------------
Synthesis finished with 0 errors, 0 critical warnings and 2 warnings.
Synthesis Optimization Runtime : Time (s): cpu = 00:00:17 ; elapsed = 00:00:30 . Memory (MB): peak = 1429.078 ; gain = 502.855
Synthesis Optimization Complete : Time (s): cpu = 00:00:23 ; elapsed = 00:00:32 . Memory (MB): peak = 1429.078 ; gain = 566.395
INFO: [Project 1-571] Translating synthesized netlist
Netlist sorting complete. Time (s): cpu = 00:00:00 ; elapsed = 00:00:00.001 . Memory (MB): peak = 1429.078 ; gain = 0.000
INFO: [Netlist 29-17] Analyzing 3 Unisim elements for replacement
INFO: [Netlist 29-28] Unisim Transformation completed in 0 CPU seconds
INFO: [Project 1-570] Preparing netlist for logic optimization
INFO: [Opt 31-138] Pushed 0 inverter(s) to 0 load pin(s).
Netlist sorting complete. Time (s): cpu = 00:00:00 ; elapsed = 00:00:00.001 . Memory (MB): peak = 1429.078 ; gain = 0.000
INFO: [Project 1-111] Unisim Transformation Summary:
No Unisim elements were transformed.

Synth Design complete | Checksum: 5aa2c6ab
INFO: [Common 17-83] Releasing license: Synthesis
40 Infos, 14 Warnings, 2 Critical Warnings and 0 Errors encountered.
synth_design completed successfully
synth_design: Time (s): cpu = 00:00:26 ; elapsed = 00:00:45 . Memory (MB): peak = 1429.078 ; gain = 945.395
INFO: [runtcl-6] Synthesis results are not added to the cache due to CRITICAL_WARNING
INFO: [Common 17-1381] The checkpoint 'C:/Users/Meep/Desktop/File/hw_syn_lab/lab4/lab4.runs/synth_1/system.dcp' has been generated.
INFO: [runtcl-4] Executing : report_utilization -file system_utilization_synth.rpt -pb system_utilization_synth.pb
INFO: [Common 17-206] Exiting Vivado at Tue Sep 19 12:50:46 2023...
